2026-05-02 22:15:49,924 - INFO - ============================================================
2026-05-02 22:15:49,924 - INFO - 风险平价计算程序启动
2026-05-02 22:15:49,924 - INFO - ============================================================
2026-05-02 22:15:49,924 - INFO - 正在读取配置文件...
2026-05-02 22:15:49,925 - INFO - 配置加载成功：时间范围 2016-09-27 至 2026-04-30，共 6 个资产
2026-05-02 22:15:49,925 - INFO - 
正在加载资产数据...
2026-05-02 22:15:49,941 - INFO - 成功加载资产：大成中证红利指数A，数据量：2334
2026-05-02 22:15:49,950 - INFO - 成功加载资产：博时标普500ETF（QDII），数据量：2291
2026-05-02 22:15:49,963 - INFO - 成功加载资产：国泰上证5年期国债ETF，数据量：2334
2026-05-02 22:15:49,970 - INFO - 成功加载资产：易方达中债7-10年期国开行债券指数A，数据量：2318
2026-05-02 22:15:49,980 - INFO - 成功加载资产：华安易富黄金ETF，数据量：2334
2026-05-02 22:15:49,988 - INFO - 成功加载资产：国泰大宗商品配置（QDII-LOF-FOF）A，数据量：2312
2026-05-02 22:15:49,996 - INFO - 合并后数据日期范围：2016-09-30 00:00:00 至 2026-04-29 00:00:00，共 2270 个交易日
2026-05-02 22:15:49,996 - INFO - 
正在计算协方差矩阵...
2026-05-02 22:15:49,999 - INFO - 正在求解最优权重...
2026-05-02 22:15:50,017 - INFO - 
============================================================
2026-05-02 22:15:50,017 - INFO - 【风险平价计算结果】
2026-05-02 22:15:50,017 - INFO - ============================================================
2026-05-02 22:15:50,017 - INFO - 
1. 最优资产权重：
2026-05-02 22:15:50,017 - INFO -    大成中证红利指数A                                 7.6924%
2026-05-02 22:15:50,017 - INFO -    博时标普500ETF（QDII）                          4.5193%
2026-05-02 22:15:50,017 - INFO -    国泰上证5年期国债ETF                             37.8941%
2026-05-02 22:15:50,019 - INFO -    易方达中债7-10年期国开行债券指数A                      38.6089%
2026-05-02 22:15:50,019 - INFO -    华安易富黄金ETF                                 7.4009%
2026-05-02 22:15:50,019 - INFO -    国泰大宗商品配置（QDII-LOF-FOF）A                   3.8844%
2026-05-02 22:15:50,019 - INFO - 
2. 风险贡献校验：
2026-05-02 22:15:50,019 - INFO -    大成中证红利指数A                                实际：15.6310% | 目标：12.5000% | 偏差：3.131025%
2026-05-02 22:15:50,019 - INFO -    博时标普500ETF（QDII）                         实际：11.4237% | 目标：12.5000% | 偏差：1.076320%
2026-05-02 22:15:50,019 - INFO -    国泰上证5年期国债ETF                             实际：15.4415% | 目标：18.7500% | 偏差：3.308539%
2026-05-02 22:15:50,020 - INFO -    易方达中债7-10年期国开行债券指数A                      实际：20.1988% | 目标：18.7500% | 偏差：1.448813%
2026-05-02 22:15:50,020 - INFO -    华安易富黄金ETF                                实际：17.9825% | 目标：18.7500% | 偏差：0.767524%
2026-05-02 22:15:50,020 - INFO -    国泰大宗商品配置（QDII-LOF-FOF）A                  实际：19.3225% | 目标：18.7500% | 偏差：0.572544%
2026-05-02 22:15:50,020 - INFO - 
3. 组合年化波动率：3.0036%
2026-05-02 22:15:50,020 - INFO - 
============================================================
2026-05-02 22:15:50,020 - INFO - 计算完成！结果已保存至日志文件
2026-05-02 22:15:50,020 - INFO - ============================================================
